                                               chr1         chr2        
query.population                               4070         3856        
reference.population                           4110         3909        
relative.distances.ks.p.value                  0.6611555    0.5305786   
relative.distances.ecdf.deviation.area         0.002476771  0.002539601 
relative.distances.ecdf.area.correlation       -0.002919232 -0.00883441 
query.reference.intersection                   72526        63586       
query.reference.union                          8038801      7640637     
jaccard.measure                                0.009021992  0.008322081 
projection.test.p.value                        0.3018009    0.3123461   
projection.test.lower.tail                     FALSE        TRUE        
reference.middles                              Numeric,4110 Numeric,3909
relative.distances.ecdf.deviation.area.p.value 0.49         0.42        
scaled.absolute.min.distance.sum.p.value       0.4          0.5         
scaled.absolute.min.distance.sum.lower.tail    TRUE         TRUE        
jaccard.measure.p.value                        0.15         0.35        
jaccard.measure.lower.tail                     FALSE        FALSE       
                                               chr3         awhole     
query.population                               3309         11235      
reference.population                           3103         11122      
relative.distances.ks.p.value                  0.5156069    0.7888391  
relative.distances.ecdf.deviation.area         0.002323327  0.001075223
relative.distances.ecdf.area.correlation       0.003328803  -0.00297282
query.reference.intersection                   41078        177190     
query.reference.union                          6320696      22000134   
jaccard.measure                                0.006498968  0.008054042
projection.test.p.value                        0.1016286    0.231515   
projection.test.lower.tail                     TRUE         TRUE       
reference.middles                              Numeric,3103 NULL       
relative.distances.ecdf.deviation.area.p.value 0.52         0.71       
scaled.absolute.min.distance.sum.p.value       0.12         0.3        
scaled.absolute.min.distance.sum.lower.tail    FALSE        FALSE      
jaccard.measure.p.value                        0.05         0.44       
jaccard.measure.lower.tail                     TRUE         TRUE       
