                                               chr1         chr2        
query.population                               2462         1688        
reference.population                           3847         2338        
relative.distances.ks.p.value                  5.178358e-07 0           
relative.distances.ecdf.deviation.area         0.01850287   0.03115026  
relative.distances.ecdf.area.correlation       0.07414226   0.1244852   
query.reference.intersection                   1202288      811160      
query.reference.union                          106528617    99650239    
jaccard.measure                                0.01128606   0.008140071 
projection.test.p.value                        0            0           
projection.test.lower.tail                     FALSE        FALSE       
reference.middles                              Numeric,3847 Numeric,2338
relative.distances.ecdf.deviation.area.p.value "<0.01"      "<0.01"     
scaled.absolute.min.distance.sum.p.value       "<0.01"      "<0.01"     
scaled.absolute.min.distance.sum.lower.tail    TRUE         TRUE        
jaccard.measure.p.value                        "<0.01"      "<0.01"     
jaccard.measure.lower.tail                     FALSE        FALSE       
                                               chr3         awhole     
query.population                               1163         5313       
reference.population                           2074         8259       
relative.distances.ks.p.value                  3.401398e-06 0          
relative.distances.ecdf.deviation.area         0.0202765    0.02289413 
relative.distances.ecdf.area.correlation       0.08119435   0.09157381 
query.reference.intersection                   578920       2592368    
query.reference.union                          88014314     294193170  
jaccard.measure                                0.006577566  0.008811789
projection.test.p.value                        0            0          
projection.test.lower.tail                     FALSE        FALSE      
reference.middles                              Numeric,2074 NULL       
relative.distances.ecdf.deviation.area.p.value "<0.01"      "<0.01"    
scaled.absolute.min.distance.sum.p.value       "<0.01"      "<0.01"    
scaled.absolute.min.distance.sum.lower.tail    TRUE         TRUE       
jaccard.measure.p.value                        "<0.01"      "<0.01"    
jaccard.measure.lower.tail                     FALSE        FALSE      
