                                               chr2         chr1        
query.population                               3985         4160        
reference.population                           3936         4160        
relative.distances.ks.p.value                  0.03017605   0           
relative.distances.ecdf.deviation.area         0.00553122   0.159426    
relative.distances.ecdf.area.correlation       0.02098387   0.6376304   
query.reference.intersection                   0            0           
query.reference.union                          16941482     18143822    
jaccard.measure                                0            0           
projection.test.p.value                        4.476484e-90 3.206356e-99
projection.test.lower.tail                     TRUE         TRUE        
reference.middles                              Numeric,3936 Numeric,4160
relative.distances.ecdf.deviation.area.p.value "<0.01"      "<0.01"     
scaled.absolute.min.distance.sum.p.value       0.05         "<0.01"     
scaled.absolute.min.distance.sum.lower.tail    TRUE         TRUE        
jaccard.measure.p.value                        "<0.01"      "<0.01"     
jaccard.measure.lower.tail                     TRUE         TRUE        
                                               chr3         awhole       
query.population                               3224         11369        
reference.population                           3211         11307        
relative.distances.ks.p.value                  0.4800951    0            
relative.distances.ecdf.deviation.area         0.002368776  0.06045172   
relative.distances.ecdf.area.correlation       0.004029517  0.2416712    
query.reference.intersection                   0            0            
query.reference.union                          13391264     48476568     
jaccard.measure                                0            0            
projection.test.p.value                        2.208603e-70 4.077803e-258
projection.test.lower.tail                     TRUE         TRUE         
reference.middles                              Numeric,3211 NULL         
relative.distances.ecdf.deviation.area.p.value 0.56         "<0.01"      
scaled.absolute.min.distance.sum.p.value       0.04         "<0.01"      
scaled.absolute.min.distance.sum.lower.tail    TRUE         TRUE         
jaccard.measure.p.value                        "<0.01"      "<0.01"      
jaccard.measure.lower.tail                     TRUE         TRUE         
