                                               chr2         chr1        
query.population                               3985         4160        
reference.population                           3985         4160        
relative.distances.ks.p.value                  0            0           
relative.distances.ecdf.deviation.area         0.25         0.25        
relative.distances.ecdf.area.correlation       1            1           
query.reference.intersection                   4704414      4919181     
query.reference.union                          4704414      4919181     
jaccard.measure                                1            1           
projection.test.p.value                        0            0           
projection.test.lower.tail                     FALSE        FALSE       
reference.middles                              Numeric,3985 Numeric,4160
relative.distances.ecdf.deviation.area.p.value "<0.01"      "<0.01"     
scaled.absolute.min.distance.sum.p.value       "<0.01"      "<0.01"     
scaled.absolute.min.distance.sum.lower.tail    TRUE         TRUE        
jaccard.measure.p.value                        "<0.01"      "<0.01"     
jaccard.measure.lower.tail                     FALSE        FALSE       
                                               chr3         awhole  
query.population                               3224         11369   
reference.population                           3224         11369   
relative.distances.ks.p.value                  0            0       
relative.distances.ecdf.deviation.area         0.25         0.25    
relative.distances.ecdf.area.correlation       1            1       
query.reference.intersection                   3781009      13404604
query.reference.union                          3781009      13404604
jaccard.measure                                1            1       
projection.test.p.value                        0            0       
projection.test.lower.tail                     FALSE        FALSE   
reference.middles                              Numeric,3224 NULL    
relative.distances.ecdf.deviation.area.p.value "<0.01"      "<0.01" 
scaled.absolute.min.distance.sum.p.value       "<0.01"      "<0.01" 
scaled.absolute.min.distance.sum.lower.tail    TRUE         TRUE    
jaccard.measure.p.value                        "<0.01"      "<0.01" 
jaccard.measure.lower.tail                     FALSE        FALSE   
